<?xml version="1.0" encoding="UTF-8"?>
<coverage generated="1685467572253" clover="3.2.0">
  <project timestamp="1685467572254" name="All files">
    <metrics statements="31" coveredstatements="15" conditionals="2" coveredconditionals="1" methods="15" coveredmethods="5" elements="48" coveredelements="21" complexity="0" loc="31" ncloc="31" packages="2" files="2" classes="2"/>
    <package name="src">
      <metrics statements="30" coveredstatements="14" conditionals="2" coveredconditionals="1" methods="15" coveredmethods="5"/>
      <file name="services.js" path="C:\Users\Nova\Desktop\Desafio-nova\src\services.js">
        <metrics statements="30" coveredstatements="14" conditionals="2" coveredconditionals="1" methods="15" coveredmethods="5"/>
        <line num="4" count="1" type="stmt"/>
        <line num="5" count="1" type="stmt"/>
        <line num="8" count="1" type="stmt"/>
        <line num="12" count="1" type="stmt"/>
        <line num="15" count="1" type="stmt"/>
        <line num="19" count="2" type="cond" truecount="1" falsecount="1"/>
        <line num="20" count="0" type="stmt"/>
        <line num="23" count="2" type="stmt"/>
        <line num="27" count="1" type="stmt"/>
        <line num="29" count="1" type="stmt"/>
        <line num="30" count="0" type="stmt"/>
        <line num="32" count="1" type="stmt"/>
        <line num="33" count="0" type="stmt"/>
        <line num="36" count="0" type="stmt"/>
        <line num="37" count="0" type="stmt"/>
        <line num="39" count="0" type="stmt"/>
        <line num="45" count="0" type="stmt"/>
        <line num="49" count="1" type="stmt"/>
        <line num="51" count="1" type="stmt"/>
        <line num="52" count="0" type="stmt"/>
        <line num="54" count="1" type="stmt"/>
        <line num="55" count="0" type="stmt"/>
        <line num="65" count="0" type="stmt"/>
        <line num="66" count="0" type="stmt"/>
        <line num="67" count="0" type="stmt"/>
        <line num="68" count="0" type="stmt"/>
        <line num="71" count="1" type="stmt"/>
        <line num="72" count="0" type="stmt"/>
        <line num="74" count="0" type="stmt"/>
        <line num="82" count="0" type="stmt"/>
      </file>
    </package>
    <package name="src.components">
      <metrics statements="1" coveredstatements="1" conditionals="0" coveredconditionals="0" methods="0" coveredmethods="0"/>
      <file name="endpoint.js" path="C:\Users\Nova\Desktop\Desafio-nova\src\components\endpoint.js">
        <metrics statements="1" coveredstatements="1" conditionals="0" coveredconditionals="0" methods="0" coveredmethods="0"/>
        <line num="1" count="1" type="stmt"/>
      </file>
    </package>
  </project>
</coverage>
