<?xml version="1.0" encoding="UTF-8"?>
<coverage generated="1684953127202" clover="3.2.0">
  <project timestamp="1684953127202" name="All files">
    <metrics statements="31" coveredstatements="15" conditionals="2" coveredconditionals="1" methods="15" coveredmethods="5" elements="48" coveredelements="21" complexity="0" loc="31" ncloc="31" packages="2" files="2" classes="2"/>
    <package name="src">
      <metrics statements="30" coveredstatements="14" conditionals="2" coveredconditionals="1" methods="15" coveredmethods="5"/>
      <file name="services.js" path="C:\Users\Nova\Desktop\Desafio-nova\src\services.js">
        <metrics statements="30" coveredstatements="14" conditionals="2" coveredconditionals="1" methods="15" coveredmethods="5"/>
        <line num="5" count="1" type="stmt"/>
        <line num="9" count="1" type="stmt"/>
        <line num="12" count="1" type="stmt"/>
        <line num="16" count="2" type="cond" truecount="1" falsecount="1"/>
        <line num="17" count="0" type="stmt"/>
        <line num="20" count="2" type="stmt"/>
        <line num="23" count="1" type="stmt"/>
        <line num="24" count="1" type="stmt"/>
        <line num="26" count="1" type="stmt"/>
        <line num="28" count="1" type="stmt"/>
        <line num="29" count="0" type="stmt"/>
        <line num="31" count="1" type="stmt"/>
        <line num="32" count="0" type="stmt"/>
        <line num="35" count="0" type="stmt"/>
        <line num="36" count="0" type="stmt"/>
        <line num="38" count="0" type="stmt"/>
        <line num="44" count="0" type="stmt"/>
        <line num="48" count="1" type="stmt"/>
        <line num="50" count="1" type="stmt"/>
        <line num="51" count="0" type="stmt"/>
        <line num="53" count="1" type="stmt"/>
        <line num="54" count="0" type="stmt"/>
        <line num="64" count="0" type="stmt"/>
        <line num="65" count="0" type="stmt"/>
        <line num="66" count="0" type="stmt"/>
        <line num="67" count="0" type="stmt"/>
        <line num="70" count="1" type="stmt"/>
        <line num="71" count="0" type="stmt"/>
        <line num="73" count="0" type="stmt"/>
        <line num="81" count="0" type="stmt"/>
      </file>
    </package>
    <package name="src.components">
      <metrics statements="1" coveredstatements="1" conditionals="0" coveredconditionals="0" methods="0" coveredmethods="0"/>
      <file name="endpoint.js" path="C:\Users\Nova\Desktop\Desafio-nova\src\components\endpoint.js">
        <metrics statements="1" coveredstatements="1" conditionals="0" coveredconditionals="0" methods="0" coveredmethods="0"/>
        <line num="1" count="1" type="stmt"/>
      </file>
    </package>
  </project>
</coverage>
