{"C:\\Users\\Nova\\Desktop\\Desafio-nova\\src\\services.js": {"path":"C:\\Users\\Nova\\Desktop\\Desafio-nova\\src\\services.js","statementMap":{"0":{"start":{"line":5,"column":4},"end":{"line":5,"column":17}},"1":{"start":{"line":9,"column":4},"end":{"line":9,"column":17}},"2":{"start":{"line":12,"column":4},"end":{"line":12,"column":17}},"3":{"start":{"line":16,"column":4},"end":{"line":18,"column":5}},"4":{"start":{"line":17,"column":6},"end":{"line":17,"column":30}},"5":{"start":{"line":20,"column":4},"end":{"line":20,"column":28}},"6":{"start":{"line":23,"column":30},"end":{"line":24,"column":45}},"7":{"start":{"line":24,"column":4},"end":{"line":24,"column":45}},"8":{"start":{"line":26,"column":29},"end":{"line":26,"column":62}},"9":{"start":{"line":26,"column":35},"end":{"line":26,"column":62}},"10":{"start":{"line":28,"column":28},"end":{"line":29,"column":67}},"11":{"start":{"line":29,"column":4},"end":{"line":29,"column":67}},"12":{"start":{"line":31,"column":32},"end":{"line":46,"column":1}},"13":{"start":{"line":32,"column":4},"end":{"line":45,"column":10}},"14":{"start":{"line":35,"column":28},"end":{"line":37,"column":14}},"15":{"start":{"line":36,"column":16},"end":{"line":36,"column":46}},"16":{"start":{"line":38,"column":12},"end":{"line":41,"column":14}},"17":{"start":{"line":44,"column":12},"end":{"line":44,"column":66}},"18":{"start":{"line":48,"column":30},"end":{"line":48,"column":78}},"19":{"start":{"line":48,"column":39},"end":{"line":48,"column":78}},"20":{"start":{"line":50,"column":29},"end":{"line":51,"column":70}},"21":{"start":{"line":51,"column":4},"end":{"line":51,"column":70}},"22":{"start":{"line":53,"column":24},"end":{"line":68,"column":1}},"23":{"start":{"line":54,"column":4},"end":{"line":62,"column":6}},"24":{"start":{"line":64,"column":4},"end":{"line":64,"column":20}},"25":{"start":{"line":65,"column":4},"end":{"line":65,"column":19}},"26":{"start":{"line":66,"column":4},"end":{"line":66,"column":23}},"27":{"start":{"line":67,"column":4},"end":{"line":67,"column":16}},"28":{"start":{"line":70,"column":25},"end":{"line":82,"column":1}},"29":{"start":{"line":71,"column":21},"end":{"line":71,"column":33}},"30":{"start":{"line":73,"column":17},"end":{"line":79,"column":5}},"31":{"start":{"line":81,"column":4},"end":{"line":81,"column":16}}},"fnMap":{"0":{"name":"soma","decl":{"start":{"line":4,"column":16},"end":{"line":4,"column":20}},"loc":{"start":{"line":4,"column":27},"end":{"line":6,"column":1}},"line":4},"1":{"name":"divisao","decl":{"start":{"line":8,"column":16},"end":{"line":8,"column":23}},"loc":{"start":{"line":8,"column":30},"end":{"line":10,"column":1}},"line":8},"2":{"name":"multiplicacao","decl":{"start":{"line":11,"column":16},"end":{"line":11,"column":29}},"loc":{"start":{"line":11,"column":36},"end":{"line":13,"column":1}},"line":11},"3":{"name":"verificarNumeroPar","decl":{"start":{"line":15,"column":16},"end":{"line":15,"column":34}},"loc":{"start":{"line":15,"column":43},"end":{"line":21,"column":3}},"line":15},"4":{"name":"(anonymous_4)","decl":{"start":{"line":23,"column":30},"end":{"line":23,"column":31}},"loc":{"start":{"line":24,"column":4},"end":{"line":24,"column":45}},"line":24},"5":{"name":"(anonymous_5)","decl":{"start":{"line":26,"column":29},"end":{"line":26,"column":30}},"loc":{"start":{"line":26,"column":35},"end":{"line":26,"column":62}},"line":26},"6":{"name":"(anonymous_6)","decl":{"start":{"line":28,"column":28},"end":{"line":28,"column":29}},"loc":{"start":{"line":29,"column":4},"end":{"line":29,"column":67}},"line":29},"7":{"name":"(anonymous_7)","decl":{"start":{"line":31,"column":32},"end":{"line":31,"column":33}},"loc":{"start":{"line":31,"column":44},"end":{"line":46,"column":1}},"line":31},"8":{"name":"(anonymous_8)","decl":{"start":{"line":34,"column":14},"end":{"line":34,"column":15}},"loc":{"start":{"line":34,"column":26},"end":{"line":42,"column":9}},"line":34},"9":{"name":"(anonymous_9)","decl":{"start":{"line":35,"column":52},"end":{"line":35,"column":53}},"loc":{"start":{"line":35,"column":62},"end":{"line":37,"column":13}},"line":35},"10":{"name":"(anonymous_10)","decl":{"start":{"line":43,"column":15},"end":{"line":43,"column":16}},"loc":{"start":{"line":44,"column":12},"end":{"line":44,"column":66}},"line":44},"11":{"name":"(anonymous_11)","decl":{"start":{"line":48,"column":30},"end":{"line":48,"column":31}},"loc":{"start":{"line":48,"column":39},"end":{"line":48,"column":78}},"line":48},"12":{"name":"(anonymous_12)","decl":{"start":{"line":50,"column":29},"end":{"line":50,"column":30}},"loc":{"start":{"line":51,"column":4},"end":{"line":51,"column":70}},"line":51},"13":{"name":"(anonymous_13)","decl":{"start":{"line":53,"column":24},"end":{"line":53,"column":25}},"loc":{"start":{"line":53,"column":34},"end":{"line":68,"column":1}},"line":53},"14":{"name":"(anonymous_14)","decl":{"start":{"line":70,"column":25},"end":{"line":70,"column":26}},"loc":{"start":{"line":70,"column":34},"end":{"line":82,"column":1}},"line":70}},"branchMap":{"0":{"loc":{"start":{"line":16,"column":4},"end":{"line":18,"column":5}},"type":"if","locations":[{"start":{"line":16,"column":4},"end":{"line":18,"column":5}},{"start":{},"end":{}}],"line":16}},"s":{"0":1,"1":1,"2":1,"3":2,"4":0,"5":2,"6":1,"7":1,"8":1,"9":0,"10":1,"11":0,"12":1,"13":0,"14":0,"15":0,"16":0,"17":0,"18":1,"19":0,"20":1,"21":0,"22":1,"23":0,"24":0,"25":0,"26":0,"27":0,"28":1,"29":0,"30":0,"31":0},"f":{"0":1,"1":1,"2":1,"3":2,"4":1,"5":0,"6":0,"7":0,"8":0,"9":0,"10":0,"11":0,"12":0,"13":0,"14":0},"b":{"0":[0,2]},"inputSourceMap":null,"_coverageSchema":"1a1c01bbd47fc00a2c39e90264f33305004495a9","hash":"ff3be6b41fc6f2db6f51da7a2d46543b63da8112"}
,"C:\\Users\\Nova\\Desktop\\Desafio-nova\\src\\components\\endpoint.js": {"path":"C:\\Users\\Nova\\Desktop\\Desafio-nova\\src\\components\\endpoint.js","statementMap":{"0":{"start":{"line":1,"column":24},"end":{"line":5,"column":1}}},"fnMap":{},"branchMap":{},"s":{"0":1},"f":{},"b":{},"inputSourceMap":null,"_coverageSchema":"1a1c01bbd47fc00a2c39e90264f33305004495a9","hash":"5eb258d9345af69654bb179024c8db6e2880352b"}
}
