{"C:\\Users\\Nova\\Desktop\\Desafio-nova\\src\\services.js": {"path":"C:\\Users\\Nova\\Desktop\\Desafio-nova\\src\\services.js","statementMap":{"0":{"start":{"line":4,"column":30},"end":{"line":5,"column":45}},"1":{"start":{"line":5,"column":4},"end":{"line":5,"column":45}},"2":{"start":{"line":8,"column":8},"end":{"line":8,"column":21}},"3":{"start":{"line":12,"column":8},"end":{"line":12,"column":21}},"4":{"start":{"line":15,"column":8},"end":{"line":15,"column":21}},"5":{"start":{"line":19,"column":8},"end":{"line":21,"column":9}},"6":{"start":{"line":20,"column":10},"end":{"line":20,"column":34}},"7":{"start":{"line":23,"column":8},"end":{"line":23,"column":32}},"8":{"start":{"line":27,"column":29},"end":{"line":27,"column":62}},"9":{"start":{"line":27,"column":35},"end":{"line":27,"column":62}},"10":{"start":{"line":29,"column":28},"end":{"line":30,"column":67}},"11":{"start":{"line":30,"column":4},"end":{"line":30,"column":67}},"12":{"start":{"line":32,"column":32},"end":{"line":47,"column":1}},"13":{"start":{"line":33,"column":4},"end":{"line":46,"column":10}},"14":{"start":{"line":36,"column":28},"end":{"line":38,"column":14}},"15":{"start":{"line":37,"column":16},"end":{"line":37,"column":46}},"16":{"start":{"line":39,"column":12},"end":{"line":42,"column":14}},"17":{"start":{"line":45,"column":12},"end":{"line":45,"column":66}},"18":{"start":{"line":49,"column":30},"end":{"line":49,"column":78}},"19":{"start":{"line":49,"column":39},"end":{"line":49,"column":78}},"20":{"start":{"line":51,"column":29},"end":{"line":52,"column":70}},"21":{"start":{"line":52,"column":4},"end":{"line":52,"column":70}},"22":{"start":{"line":54,"column":24},"end":{"line":69,"column":1}},"23":{"start":{"line":55,"column":4},"end":{"line":63,"column":6}},"24":{"start":{"line":65,"column":4},"end":{"line":65,"column":20}},"25":{"start":{"line":66,"column":4},"end":{"line":66,"column":19}},"26":{"start":{"line":67,"column":4},"end":{"line":67,"column":23}},"27":{"start":{"line":68,"column":4},"end":{"line":68,"column":16}},"28":{"start":{"line":71,"column":25},"end":{"line":83,"column":1}},"29":{"start":{"line":72,"column":21},"end":{"line":72,"column":33}},"30":{"start":{"line":74,"column":17},"end":{"line":80,"column":5}},"31":{"start":{"line":82,"column":4},"end":{"line":82,"column":16}}},"fnMap":{"0":{"name":"(anonymous_0)","decl":{"start":{"line":4,"column":30},"end":{"line":4,"column":31}},"loc":{"start":{"line":5,"column":4},"end":{"line":5,"column":45}},"line":5},"1":{"name":"soma","decl":{"start":{"line":7,"column":20},"end":{"line":7,"column":24}},"loc":{"start":{"line":7,"column":31},"end":{"line":9,"column":5}},"line":7},"2":{"name":"divisao","decl":{"start":{"line":11,"column":20},"end":{"line":11,"column":27}},"loc":{"start":{"line":11,"column":34},"end":{"line":13,"column":5}},"line":11},"3":{"name":"multiplicacao","decl":{"start":{"line":14,"column":20},"end":{"line":14,"column":33}},"loc":{"start":{"line":14,"column":40},"end":{"line":16,"column":5}},"line":14},"4":{"name":"verificarNumeroPar","decl":{"start":{"line":18,"column":20},"end":{"line":18,"column":38}},"loc":{"start":{"line":18,"column":47},"end":{"line":24,"column":7}},"line":18},"5":{"name":"(anonymous_5)","decl":{"start":{"line":27,"column":29},"end":{"line":27,"column":30}},"loc":{"start":{"line":27,"column":35},"end":{"line":27,"column":62}},"line":27},"6":{"name":"(anonymous_6)","decl":{"start":{"line":29,"column":28},"end":{"line":29,"column":29}},"loc":{"start":{"line":30,"column":4},"end":{"line":30,"column":67}},"line":30},"7":{"name":"(anonymous_7)","decl":{"start":{"line":32,"column":32},"end":{"line":32,"column":33}},"loc":{"start":{"line":32,"column":44},"end":{"line":47,"column":1}},"line":32},"8":{"name":"(anonymous_8)","decl":{"start":{"line":35,"column":14},"end":{"line":35,"column":15}},"loc":{"start":{"line":35,"column":26},"end":{"line":43,"column":9}},"line":35},"9":{"name":"(anonymous_9)","decl":{"start":{"line":36,"column":52},"end":{"line":36,"column":53}},"loc":{"start":{"line":36,"column":62},"end":{"line":38,"column":13}},"line":36},"10":{"name":"(anonymous_10)","decl":{"start":{"line":44,"column":15},"end":{"line":44,"column":16}},"loc":{"start":{"line":45,"column":12},"end":{"line":45,"column":66}},"line":45},"11":{"name":"(anonymous_11)","decl":{"start":{"line":49,"column":30},"end":{"line":49,"column":31}},"loc":{"start":{"line":49,"column":39},"end":{"line":49,"column":78}},"line":49},"12":{"name":"(anonymous_12)","decl":{"start":{"line":51,"column":29},"end":{"line":51,"column":30}},"loc":{"start":{"line":52,"column":4},"end":{"line":52,"column":70}},"line":52},"13":{"name":"(anonymous_13)","decl":{"start":{"line":54,"column":24},"end":{"line":54,"column":25}},"loc":{"start":{"line":54,"column":34},"end":{"line":69,"column":1}},"line":54},"14":{"name":"(anonymous_14)","decl":{"start":{"line":71,"column":25},"end":{"line":71,"column":26}},"loc":{"start":{"line":71,"column":34},"end":{"line":83,"column":1}},"line":71}},"branchMap":{"0":{"loc":{"start":{"line":19,"column":8},"end":{"line":21,"column":9}},"type":"if","locations":[{"start":{"line":19,"column":8},"end":{"line":21,"column":9}},{"start":{},"end":{}}],"line":19}},"s":{"0":1,"1":1,"2":1,"3":1,"4":1,"5":2,"6":0,"7":2,"8":1,"9":0,"10":1,"11":0,"12":1,"13":0,"14":0,"15":0,"16":0,"17":0,"18":1,"19":0,"20":1,"21":0,"22":1,"23":0,"24":0,"25":0,"26":0,"27":0,"28":1,"29":0,"30":0,"31":0},"f":{"0":1,"1":1,"2":1,"3":1,"4":2,"5":0,"6":0,"7":0,"8":0,"9":0,"10":0,"11":0,"12":0,"13":0,"14":0},"b":{"0":[0,2]},"inputSourceMap":null,"_coverageSchema":"1a1c01bbd47fc00a2c39e90264f33305004495a9","hash":"3aec4f9c29d85a8be1aaf48a1c3eff89b755e026"}
,"C:\\Users\\Nova\\Desktop\\Desafio-nova\\src\\components\\endpoint.js": {"path":"C:\\Users\\Nova\\Desktop\\Desafio-nova\\src\\components\\endpoint.js","statementMap":{"0":{"start":{"line":1,"column":24},"end":{"line":5,"column":1}}},"fnMap":{},"branchMap":{},"s":{"0":1},"f":{},"b":{},"inputSourceMap":null,"_coverageSchema":"1a1c01bbd47fc00a2c39e90264f33305004495a9","hash":"5eb258d9345af69654bb179024c8db6e2880352b"}
}
