TN:
SF:src\services.js
FN:4,soma
FN:8,divisao
FN:11,multiplicacao
FN:15,verificarNumeroPar
FN:23,(anonymous_4)
FN:26,(anonymous_5)
FN:28,(anonymous_6)
FN:31,(anonymous_7)
FN:34,(anonymous_8)
FN:35,(anonymous_9)
FN:43,(anonymous_10)
FN:48,(anonymous_11)
FN:50,(anonymous_12)
FN:53,(anonymous_13)
FN:70,(anonymous_14)
FNF:15
FNH:5
FNDA:1,soma
FNDA:1,divisao
FNDA:1,multiplicacao
FNDA:2,verificarNumeroPar
FNDA:1,(anonymous_4)
FNDA:0,(anonymous_5)
FNDA:0,(anonymous_6)
FNDA:0,(anonymous_7)
FNDA:0,(anonymous_8)
FNDA:0,(anonymous_9)
FNDA:0,(anonymous_10)
FNDA:0,(anonymous_11)
FNDA:0,(anonymous_12)
FNDA:0,(anonymous_13)
FNDA:0,(anonymous_14)
DA:5,1
DA:9,1
DA:12,1
DA:16,2
DA:17,0
DA:20,2
DA:23,1
DA:24,1
DA:26,1
DA:28,1
DA:29,0
DA:31,1
DA:32,0
DA:35,0
DA:36,0
DA:38,0
DA:44,0
DA:48,1
DA:50,1
DA:51,0
DA:53,1
DA:54,0
DA:64,0
DA:65,0
DA:66,0
DA:67,0
DA:70,1
DA:71,0
DA:73,0
DA:81,0
LF:30
LH:14
BRDA:16,0,0,0
BRDA:16,0,1,2
BRF:2
BRH:1
end_of_record
TN:
SF:src\components\endpoint.js
FNF:0
FNH:0
DA:1,1
LF:1
LH:1
BRF:0
BRH:0
end_of_record
