TN:
SF:src\services.js
FN:4,(anonymous_0)
FN:7,soma
FN:11,divisao
FN:14,multiplicacao
FN:18,verificarNumeroPar
FN:27,(anonymous_5)
FN:29,(anonymous_6)
FN:32,(anonymous_7)
FN:35,(anonymous_8)
FN:36,(anonymous_9)
FN:44,(anonymous_10)
FN:49,(anonymous_11)
FN:51,(anonymous_12)
FN:54,(anonymous_13)
FN:71,(anonymous_14)
FNF:15
FNH:5
FNDA:1,(anonymous_0)
FNDA:1,soma
FNDA:1,divisao
FNDA:1,multiplicacao
FNDA:2,verificarNumeroPar
FNDA:0,(anonymous_5)
FNDA:0,(anonymous_6)
FNDA:0,(anonymous_7)
FNDA:0,(anonymous_8)
FNDA:0,(anonymous_9)
FNDA:0,(anonymous_10)
FNDA:0,(anonymous_11)
FNDA:0,(anonymous_12)
FNDA:0,(anonymous_13)
FNDA:0,(anonymous_14)
DA:4,1
DA:5,1
DA:8,1
DA:12,1
DA:15,1
DA:19,2
DA:20,0
DA:23,2
DA:27,1
DA:29,1
DA:30,0
DA:32,1
DA:33,0
DA:36,0
DA:37,0
DA:39,0
DA:45,0
DA:49,1
DA:51,1
DA:52,0
DA:54,1
DA:55,0
DA:65,0
DA:66,0
DA:67,0
DA:68,0
DA:71,1
DA:72,0
DA:74,0
DA:82,0
LF:30
LH:14
BRDA:19,0,0,0
BRDA:19,0,1,2
BRF:2
BRH:1
end_of_record
TN:
SF:src\components\endpoint.js
FNF:0
FNH:0
DA:1,1
LF:1
LH:1
BRF:0
BRH:0
end_of_record
